<?xml version="1.0" encoding="UTF-8"?>
<testsuite xmlns:xsi="http://www.w3.org/2001/XMLSchema-instance" xsi:noNamespaceSchemaLocation="https://maven.apache.org/surefire/maven-surefire-plugin/xsd/surefire-test-report-3.0.xsd" version="3.0" name="com.warehouse.resources.WidgetResourceTest" time="1.642" tests="10" errors="0" skipped="0" failures="0">
  <properties>
[...]
</properties>
  <testcase name="createNewWidgetTest" classname="com.warehouse.resources.WidgetResourceTest" time="0.266">
    <system-out><![CDATA[08:42:50.662 [main] DEBUG org.jboss.logging - Logging Provider: org.jboss.logging.Slf4jLoggerProvider
08:42:50.665 [main] INFO org.hibernate.validator.internal.util.Version - HV000001: Hibernate Validator 6.1.0.Final
08:42:50.669 [main] DEBUG org.hibernate.validator.internal.engine.resolver.TraversableResolvers - Found javax.persistence.Persistence on classpath containing 'getPersistenceUtil'. Assuming JPA 2 environment. Trying to instantiate JPA aware TraversableResolver
08:42:50.669 [main] DEBUG org.hibernate.validator.internal.engine.resolver.TraversableResolvers - Instantiated JPA aware TraversableResolver of type org.hibernate.validator.internal.engine.resolver.JPATraversableResolver.
08:42:50.676 [main] DEBUG org.hibernate.validator.internal.engine.AbstractConfigurationImpl - Adding value extractor io.dropwizard.validation.valuehandling.GuavaOptionalValueExtractor@24a298a6
08:42:50.677 [main] DEBUG org.hibernate.validator.internal.engine.AbstractConfigurationImpl - Setting custom ConstraintValidatorFactory of type io.dropwizard.jersey.validation.MutableValidatorFactory
08:42:50.677 [main] DEBUG org.hibernate.validator.internal.engine.AbstractConfigurationImpl - Setting custom ParameterNameProvider of type io.dropwizard.jersey.validation.JerseyParameterNameProvider
08:42:50.679 [main] DEBUG org.hibernate.validator.internal.engine.AbstractConfigurationImpl - Adding value extractor io.dropwizard.jersey.validation.NonEmptyStringParamValueExtractor@5c92166b
08:42:50.679 [main] DEBUG org.hibernate.validator.internal.engine.AbstractConfigurationImpl - Adding value extractor io.dropwizard.jersey.validation.ParamValueExtractor@2787de58
08:42:50.682 [main] DEBUG org.hibernate.validator.internal.xml.config.ValidationXmlParser - Trying to load META-INF/validation.xml for XML based Validator configuration.
08:42:50.683 [main] DEBUG org.hibernate.validator.internal.xml.config.ResourceLoaderHelper - Trying to load META-INF/validation.xml via TCCL
08:42:50.683 [main] DEBUG org.hibernate.validator.internal.xml.config.ResourceLoaderHelper - Trying to load META-INF/validation.xml via Hibernate Validator's class loader
08:42:50.683 [main] DEBUG org.hibernate.validator.internal.xml.config.ValidationXmlParser - No META-INF/validation.xml found. Using annotation based configuration only.
08:42:50.696 [main] DEBUG org.hibernate.validator.messageinterpolation.ResourceBundleMessageInterpolator - Loaded expression factory via original TCCL
08:42:50.766 [main] DEBUG org.hibernate.validator.internal.engine.ValidatorFactoryConfigurationHelper - HV000252: Using org.hibernate.validator.internal.engine.DefaultPropertyNodeNameProvider as property node name provider.
08:42:50.771 [main] DEBUG org.hibernate.validator.internal.engine.ValidatorFactoryConfigurationHelper - HV000234: Using org.hibernate.validator.messageinterpolation.ResourceBundleMessageInterpolator as ValidatorFactory-scoped message interpolator.
08:42:50.772 [main] DEBUG org.hibernate.validator.internal.engine.ValidatorFactoryConfigurationHelper - HV000234: Using org.hibernate.validator.internal.engine.resolver.JPATraversableResolver as ValidatorFactory-scoped traversable resolver.
08:42:50.772 [main] DEBUG org.hibernate.validator.internal.engine.ValidatorFactoryConfigurationHelper - HV000234: Using org.hibernate.validator.internal.util.ExecutableParameterNameProvider as ValidatorFactory-scoped parameter name provider.
08:42:50.772 [main] DEBUG org.hibernate.validator.internal.engine.ValidatorFactoryConfigurationHelper - HV000234: Using org.hibernate.validator.internal.engine.DefaultClockProvider as ValidatorFactory-scoped clock provider.
08:42:50.772 [main] DEBUG org.hibernate.validator.internal.engine.ValidatorFactoryConfigurationHelper - HV000234: Using org.hibernate.validator.internal.engine.scripting.DefaultScriptEvaluatorFactory as ValidatorFactory-scoped script evaluator factory.
]]></system-out>
  </testcase>
  <testcase name="deleteWidgetById" classname="com.warehouse.resources.WidgetResourceTest" time="0.004"/>
  <testcase name="listWidgetsByCategoryTest" classname="com.warehouse.resources.WidgetResourceTest" time="0.012">
    <system-out><![CDATA[category presenttrue
]]></system-out>
  </testcase>
  <testcase name="patchWidgetById" classname="com.warehouse.resources.WidgetResourceTest" time="0.005"/>
  <testcase name="createNewWidgetWithPriceNegativeTest" classname="com.warehouse.resources.WidgetResourceTest" time="0.041"/>
  <testcase name="createNewWidgetWithMissingFiledTest" classname="com.warehouse.resources.WidgetResourceTest" time="0.003"/>
  <testcase name="getWidgetSuccessTest" classname="com.warehouse.resources.WidgetResourceTest" time="0.003"/>
  <testcase name="getWidgetNotFoundTest" classname="com.warehouse.resources.WidgetResourceTest" time="0.005"/>
  <testcase name="updateWidgetByIdTest" classname="com.warehouse.resources.WidgetResourceTest" time="0.004"/>
  <testcase name="listWidgetsTest" classname="com.warehouse.resources.WidgetResourceTest" time="0.002">
    <system-out><![CDATA[category presentfalse
]]></system-out>
  </testcase>
</testsuite>